# JRE version: OpenJDK Runtime Environment (21.0.6) (build 21.0.6+-13368085-b895.109)
# Java VM: OpenJDK 64-Bit Server VM (21.0.6+-13368085-b895.109, mixed mode, tiered, compressed oops, compressed class ptrs, g1 gc, windows-amd64)
GC Precious Log:
 CardTable entry size: 512
 Card Set container configuration: InlinePtr #cards 4 size 8 Array Of Cards #cards 32 size 80 Howl #buckets 8 coarsen threshold 7372 Howl Bitmap #cards 1024 size 144 coarsen threshold 921 Card regions per heap region 1 cards per card region 8192
 CPUs: 8 total, 8 available
 Memory: 16167M
 Large Page Support: Disabled
 NUMA Support: Disabled
 Compressed Oops: Enabled (Zero based)
 Heap Region Size: 4M
 Heap Min Capacity: 8M
 Heap Initial Capacity: 256M
 Heap Max Capacity: 8G
 Pre-touch: Disabled
 Parallel Workers: 8
 Concurrent Workers: 2
 Concurrent Refinement Workers: 8
 Periodic GC: Disabled
Heap:
 garbage-first heap   total 1171456K, used 468816K [0x0000000600000000, 0x0000000800000000)
  region size 4096K, 11 young (45056K), 11 survivors (45056K)
 Metaspace       used 276523K, committed 280000K, reserved 1310720K
  class space    used 34395K, committed 36096K, reserved 1048576K
GC Heap History (20 events):
Event: 620.579 GC heap after
{Heap after GC invocations=106 (full 0):
 garbage-first heap   total 1171456K, used 374201K [0x0000000600000000, 0x0000000800000000)
  region size 4096K, 20 young (81920K), 20 survivors (81920K)
 Metaspace       used 265380K, committed 268864K, reserved 1310720K
  class space    used 32924K, committed 34624K, reserved 1048576K
}
Event: 620.822 GC heap before
{Heap before GC invocations=106 (full 0):
 garbage-first heap   total 1171456K, used 419257K [0x0000000600000000, 0x0000000800000000)
  region size 4096K, 32 young (131072K), 20 survivors (81920K)
 Metaspace       used 268104K, committed 271552K, reserved 1310720K
  class space    used 33388K, committed 35072K, reserved 1048576K
}
Event: 620.860 GC heap after
{Heap after GC invocations=107 (full 0):
 garbage-first heap   total 1171456K, used 389915K [0x0000000600000000, 0x0000000800000000)
  region size 4096K, 4 young (16384K), 4 survivors (16384K)
 Metaspace       used 268104K, committed 271552K, reserved 1310720K
  class space    used 33388K, committed 35072K, reserved 1048576K
}
Event: 623.591 GC heap before
{Heap before GC invocations=108 (full 0):
 garbage-first heap   total 1171456K, used 1053467K [0x0000000600000000, 0x0000000800000000)
  region size 4096K, 161 young (659456K), 4 survivors (16384K)
 Metaspace       used 275241K, committed 278784K, reserved 1310720K
  class space    used 34335K, committed 36032K, reserved 1048576K
}
Event: 623.606 GC heap after
{Heap after GC invocations=109 (full 0):
 garbage-first heap   total 1171456K, used 407679K [0x0000000600000000, 0x0000000800000000)
  region size 4096K, 6 young (24576K), 6 survivors (24576K)
 Metaspace       used 275241K, committed 278784K, reserved 1310720K
  class space    used 34335K, committed 36032K, reserved 1048576K
}
Event: 625.128 GC heap before
{Heap before GC invocations=109 (full 0):
 garbage-first heap   total 1171456K, used 1054847K [0x0000000600000000, 0x0000000800000000)
  region size 4096K, 164 young (671744K), 6 survivors (24576K)
 Metaspace       used 276152K, committed 279680K, reserved 1310720K
  class space    used 34394K, committed 36096K, reserved 1048576K
}
Event: 625.157 GC heap after
{Heap after GC invocations=110 (full 0):
 garbage-first heap   total 1171456K, used 432688K [0x0000000600000000, 0x0000000800000000)
  region size 4096K, 12 young (49152K), 12 survivors (49152K)
 Metaspace       used 276152K, committed 279680K, reserved 1310720K
  class space    used 34394K, committed 36096K, reserved 1048576K
}
Event: 626.230 GC heap before
{Heap before GC invocations=110 (full 0):
 garbage-first heap   total 1171456K, used 1059376K [0x0000000600000000, 0x0000000800000000)
  region size 4096K, 165 young (675840K), 12 survivors (49152K)
 Metaspace       used 276474K, committed 279936K, reserved 1310720K
  class space    used 34412K, committed 36096K, reserved 1048576K
}
Event: 626.261 GC heap after
{Heap after GC invocations=111 (full 0):
 garbage-first heap   total 1171456K, used 441144K [0x0000000600000000, 0x0000000800000000)
  region size 4096K, 13 young (53248K), 13 survivors (53248K)
 Metaspace       used 276474K, committed 279936K, reserved 1310720K
  class space    used 34412K, committed 36096K, reserved 1048576K
}
Event: 627.597 GC heap before
{Heap before GC invocations=112 (full 0):
 garbage-first heap   total 1171456K, used 1055544K [0x0000000600000000, 0x0000000800000000)
  region size 4096K, 163 young (667648K), 13 survivors (53248K)
 Metaspace       used 276265K, committed 279744K, reserved 1310720K
  class space    used 34385K, committed 36096K, reserved 1048576K
}
Event: 627.628 GC heap after
{Heap after GC invocations=113 (full 0):
 garbage-first heap   total 1171456K, used 457993K [0x0000000600000000, 0x0000000800000000)
  region size 4096K, 14 young (57344K), 14 survivors (57344K)
 Metaspace       used 276265K, committed 279744K, reserved 1310720K
  class space    used 34385K, committed 36096K, reserved 1048576K
}
Event: 628.701 GC heap before
{Heap before GC invocations=113 (full 0):
 garbage-first heap   total 1171456K, used 1051913K [0x0000000600000000, 0x0000000800000000)
  region size 4096K, 159 young (651264K), 14 survivors (57344K)
 Metaspace       used 276341K, committed 279808K, reserved 1310720K
  class space    used 34388K, committed 36096K, reserved 1048576K
}
Event: 628.729 GC heap after
{Heap after GC invocations=114 (full 0):
 garbage-first heap   total 1171456K, used 451971K [0x0000000600000000, 0x0000000800000000)
  region size 4096K, 11 young (45056K), 11 survivors (45056K)
 Metaspace       used 276341K, committed 279808K, reserved 1310720K
  class space    used 34388K, committed 36096K, reserved 1048576K
}
Event: 629.569 GC heap before
{Heap before GC invocations=114 (full 0):
 garbage-first heap   total 1171456K, used 1058179K [0x0000000600000000, 0x0000000800000000)
  region size 4096K, 160 young (655360K), 11 survivors (45056K)
 Metaspace       used 276393K, committed 279872K, reserved 1310720K
  class space    used 34390K, committed 36096K, reserved 1048576K
}
Event: 629.594 GC heap after
{Heap after GC invocations=115 (full 0):
 garbage-first heap   total 1171456K, used 464120K [0x0000000600000000, 0x0000000800000000)
  region size 4096K, 14 young (57344K), 14 survivors (57344K)
 Metaspace       used 276393K, committed 279872K, reserved 1310720K
  class space    used 34390K, committed 36096K, reserved 1048576K
}
Event: 630.814 GC heap before
{Heap before GC invocations=116 (full 0):
 garbage-first heap   total 1171456K, used 1049848K [0x0000000600000000, 0x0000000800000000)
  region size 4096K, 157 young (643072K), 14 survivors (57344K)
 Metaspace       used 276423K, committed 279872K, reserved 1310720K
  class space    used 34390K, committed 36096K, reserved 1048576K
}
Event: 630.841 GC heap after
{Heap after GC invocations=117 (full 0):
 garbage-first heap   total 1171456K, used 469822K [0x0000000600000000, 0x0000000800000000)
  region size 4096K, 12 young (49152K), 12 survivors (49152K)
 Metaspace       used 276423K, committed 279872K, reserved 1310720K
  class space    used 34390K, committed 36096K, reserved 1048576K
}
Event: 631.726 GC heap before
{Heap before GC invocations=117 (full 0):
 garbage-first heap   total 1171456K, used 1055550K [0x0000000600000000, 0x0000000800000000)
  region size 4096K, 156 young (638976K), 12 survivors (49152K)
 Metaspace       used 276481K, committed 279936K, reserved 1310720K
  class space    used 34393K, committed 36096K, reserved 1048576K
}
Event: 631.757 GC heap after
{Heap after GC invocations=118 (full 0):
 garbage-first heap   total 1171456K, used 461961K [0x0000000600000000, 0x0000000800000000)
  region size 4096K, 9 young (36864K), 9 survivors (36864K)
 Metaspace       used 276481K, committed 279936K, reserved 1310720K
  class space    used 34393K, committed 36096K, reserved 1048576K
}
Event: 632.812 GC heap before
{Heap before GC invocations=118 (full 0):
 garbage-first heap   total 1171456K, used 1072265K [0x0000000600000000, 0x0000000800000000)
  region size 4096K, 158 young (647168K), 9 survivors (36864K)
 Metaspace       used 276523K, committed 280000K, reserved 1310720K
  class space    used 34395K, committed 36096K, reserved 1048576K
}

